<?xml version="1.0" encoding="UTF-8"?>
<!-- Generated by org.testng.reporters.JUnitReportReporter -->
<testsuite skipped="0" hostname="Gangambikas-MBP" name="tests.APIResponseTest" tests="1" failures="0" timestamp="25 May 2018 13:04:16 GMT" time="1.089" errors="0">
  <testcase name="checkRateDataPresentInAPI" time="1.089" classname="tests.APIResponseTest"/>
</testsuite> <!-- tests.APIResponseTest -->
