<?xml version="1.0" encoding="UTF-8"?>
<!-- Generated by org.testng.reporters.JUnitReportReporter -->
<testsuite skipped="0" hostname="Gangambikas-MBP" name="tests.ResponseTest" tests="1" failures="0" timestamp="23 May 2018 16:28:22 GMT" time="1.710" errors="0">
  <testcase name="checkRateDataPresentInAPI" time="1.710" classname="tests.ResponseTest"/>
</testsuite> <!-- tests.ResponseTest -->
